69.178.153.83, 21
VizionFTP, E<r7aTRze3~FF.n_
container_id = ["ECMU4670610", "APZU4512494", "CAIU9339738", "MEDU8303623", "MSCU8293196", "MEDU3637377", "TGHU9117649", "TCLU7537047", "DFSU6679443", "MSCU7160162", "CXDU2162167", "FFAU2714334", "INKU2382856", "MEDU8017039", "TCLU5578026", "GESU6799250", "TCNU4833757", "SEGU5856874", "TRHU4989620", "SLHU4500038", "CAIU8160877", "MSCU5248038", "SZLU9560138", "MEDU6555930", "MSCU1268695", "HLBU2194717", "TCLU4660335", "TCLU15296377", "TCLU1529677", "TGHU4212155", "MEDU1907391", "SEGU4468196", "GCXU2210170", "GESU6157476", "TCNU1488934", "TLLU4443549", "TGHU9708791", "ZCSU7106355", "TGBU7240673", "ZCSU7381803", "SEGU2284991", "TCNU4573449", "TEMU6634733", "EITU1425554", "CAIU7405595", "HMMU6008101", "BSIU9264228", "KOCU4209016", "HMMU6243292", "HMMU6084523", "TCNU5067609", "KOCU4318254", "KOCU4178194", "FCIU9234632", "FDCU0634031", "TRLU7202269", "TCLU5847568", "SEGU5802374", "TRHU4177333", "KKFU7928885", "NYKU4369465", "SEGU4990765", "SEGU6093421", "TCNU2664600", "BMOU4860933", "EMCU9717793", "FCIU7522769", "TCNU2120253", "TCNU4502888", "FCIU9258906", "EGHU9675306", "EITU1299625", "BEAU4454210", "TEMU6408314", "TGBU8038883", "EITU1287671", "EGHU8249570", "CAAU5346910", "EGHU9828278", "DRYU9425143", "EGHU9055060", "TCNU3671369", "FCIU7513704", "TGBU6892471", "BMOU4470982", "TRHU4766879", "TRHU4937246", "MEDU8619545", "SEGU4716559", "GLDU9864000", "OOLU8929036", "OOLU1151550", "HMMU6044428", "KOCU4727801", "KOCU4106907", "SEGU5332711", "KOCU4193389", "BSIU9161111", "CAIU7468931", "CAIU4564870", "NYKU4108477", "FFAU1843825", "KKFU7923775", "NYKU4803864", "TCNU6648064", "TLLU5507334", "CBHU9161733", "SEGU4686032", "CSNU6117709", "TGBU8751446", "CBHU8795754", "TLLU5474821", "TCLU4999550", "GAOU6340626", "TCNU8925527", "FDCU0634690", "TCNU7773775", "MSMU5139314", "FFAU1245525", "EGHU9785833", "TRHU5681610", "TRHU5239384", "EGHU9689700", "EITU1034610", "EITU9011078", "TEMU8690490", "EGHU9270437", "MAGU5298870", "TEMU8539859", "TCLU7983692", "KOCU5089851", "KOCU4614169", "KOCU4118050", "FFAU1812974", "TCKU6188160", "CMAU5234855", "CAIU9968345", "HMMU6010407", "CRSU9367040", "TCLU9689250", "FCIU9285028", "TCNU7598590", "TCNU4554285", "KOCU4919070", "CAIU7667960", "TCNU7229890", "TCNU5069068", "TCLU9826500", "GESU6557620", "TCNU6423598", "CAIU9323520", "DFSU7383311", "MAGU5589602", "NYKU4425050", "TRHU4358054", "TLLU5457470", "CAIU9970194", "DRYU9456988", "TCNU4863643", "TCNU5516422", "MEDU8693239", "FFAU1676538", "MSDU7646245", "TRHU5320496", "TCNU6860432", "TRHU4342130", "TCLU3385202", "NYKU4387936", "NYKU5162169", "TCNU9664222", "TCNU1687160", "KKTU7887918", "TCNU8326529", "HAMU1269494", "OOCU70993407", "TCNU2859074", "EITU1393499", "HMCU9004244", "EITU1943722", "TGBU6939049", "EITU1038684", "EITU1452349", "EITU9279409", "TLLU4097549", "EISU8327073", "EGHU8259095", "EISU8338376", "EITU9240541", "EGHU9345623", "FCIU7063886", "TGBU6934767", "EITU1795332", "EISU9403840", "TRHU5109570", "FSCU8139795", "TGBU4030159", "EITU9056771", "EITU9141404", "TEMU8914590", "CAIU9790124", "CAAU5420685", "EITU1815995"]
Container_id SLHU4500038 has no milestones
Container_id CAIU8160877 has no milestones
Container_id MSCU5248038 has no milestones
Container_id SZLU9560138 has no milestones
Container_id MEDU6555930 has no milestones
Container_id MSCU1268695 has no milestones
Container_id HLBU2194717 has no milestones
Container_id TCLU4660335 has no milestones
Container_id TCLU15296377 has no milestones
Container_id TCLU1529677 has no milestones
Container_id TGHU4212155 has no milestones
Container_id MEDU1907391 has no milestones
Container_id SEGU4468196 has no milestones
Container_id GCXU2210170 has no milestones
Container_id GESU6157476 has no milestones
Container_id TCNU1488934 has no milestones
Container_id TLLU4443549 has no milestones
Container_id TGHU9708791 has no milestones
Container_id ZCSU7106355 has no milestones
Container_id TGBU7240673 has no milestones
Container_id ZCSU7381803 has no milestones
Container_id SEGU2284991 has no milestones
Container_id TCNU4573449 has no milestones
Container_id TEMU6634733 has no milestones
Container_id EITU1425554 has no milestones
Container_id CAIU7405595 has no milestones
Container_id HMMU6008101 has no milestones
Container_id BSIU9264228 has no milestones
Container_id KOCU4209016 has no milestones
Container_id HMMU6243292 has no milestones
Container_id HMMU6084523 has no milestones
Container_id TCNU5067609 has no milestones
Container_id KOCU4318254 has no milestones
Container_id KOCU4178194 has no milestones
Container_id FCIU9234632 has no milestones
Container_id FDCU0634031 has no milestones
Container_id TRLU7202269 has no milestones
Container_id TCLU5847568 has no milestones
Container_id SEGU5802374 has no milestones
Container_id TRHU4177333 has no milestones
Container_id KKFU7928885 has no milestones
Container_id NYKU4369465 has no milestones
Container_id SEGU4990765 has no milestones
Container_id SEGU6093421 has no milestones
Container_id TCNU2664600 has no milestones
Container_id BMOU4860933 has no milestones
Container_id EMCU9717793 has no milestones
Container_id FCIU7522769 has no milestones
Container_id TCNU2120253 has no milestones
Container_id TCNU4502888 has no milestones
Container_id FCIU9258906 has no milestones
Container_id EGHU9675306 has no milestones
Container_id EITU1299625 has no milestones
Container_id BEAU4454210 has no milestones
Container_id TEMU6408314 has no milestones
Container_id TGBU8038883 has no milestones
Container_id EITU1287671 has no milestones
Container_id EGHU8249570 has no milestones
Container_id CAAU5346910 has no milestones
Container_id EGHU9828278 has no milestones
Container_id DRYU9425143 has no milestones
Container_id EGHU9055060 has no milestones
Container_id TCNU3671369 has no milestones
Container_id FCIU7513704 has no milestones
Container_id TGBU6892471 has no milestones
Container_id BMOU4470982 has no milestones
Container_id TRHU4766879 has no milestones
Container_id TRHU4937246 has no milestones
Container_id MEDU8619545 has no milestones
Container_id SEGU4716559 has no milestones
Container_id GLDU9864000 has no milestones
Container_id OOLU8929036 has no milestones
Container_id OOLU1151550 has no milestones
Container_id HMMU6044428 has no milestones
Container_id KOCU4727801 has no milestones
Container_id KOCU4106907 has no milestones
Container_id SEGU5332711 has no milestones
Container_id KOCU4193389 has no milestones
Container_id BSIU9161111 has no milestones
Container_id CAIU7468931 has no milestones
Container_id CAIU4564870 has no milestones
Container_id NYKU4108477 has no milestones
Container_id FFAU1843825 has no milestones
Container_id KKFU7923775 has no milestones
Container_id NYKU4803864 has no milestones
Container_id TCNU6648064 has no milestones
Container_id TLLU5507334 has no milestones
Container_id CBHU9161733 has no milestones
Container_id SEGU4686032 has no milestones
Container_id CSNU6117709 has no milestones
Container_id TGBU8751446 has no milestones
Container_id CBHU8795754 has no milestones
Container_id TLLU5474821 has no milestones
Container_id TCLU4999550 has no milestones
Container_id GAOU6340626 has no milestones
Container_id TCNU8925527 has no milestones
Container_id FDCU0634690 has no milestones
Container_id TCNU7773775 has no milestones
Container_id MSMU5139314 has no milestones
Container_id FFAU1245525 has no milestones
Container_id EGHU9785833 has no milestones
Container_id TRHU5681610 has no milestones
Container_id TRHU5239384 has no milestones
Container_id EGHU9689700 has no milestones
Container_id EITU1034610 has no milestones
Container_id EITU9011078 has no milestones
Container_id TEMU8690490 has no milestones
Container_id EGHU9270437 has no milestones
Container_id MAGU5298870 has no milestones
Container_id TEMU8539859 has no milestones
Container_id TCLU7983692 has no milestones
Container_id KOCU5089851 has no milestones
Container_id KOCU4614169 has no milestones
Container_id KOCU4118050 has no milestones
Container_id FFAU1812974 has no milestones
Container_id TCKU6188160 has no milestones
Container_id CMAU5234855 has no milestones
Container_id CAIU9968345 has no milestones
Container_id HMMU6010407 has no milestones
Container_id CRSU9367040 has no milestones
Container_id TCLU9689250 has no milestones
Container_id FCIU9285028 has no milestones
Container_id TCNU7598590 has no milestones
Container_id TCNU4554285 has no milestones
Container_id KOCU4919070 has no milestones
Container_id CAIU7667960 has no milestones
Container_id TCNU7229890 has no milestones
Container_id TCNU5069068 has no milestones
Container_id TCLU9826500 has no milestones
Container_id GESU6557620 has no milestones
Container_id TCNU6423598 has no milestones
Container_id CAIU9323520 has no milestones
Container_id DFSU7383311 has no milestones
Container_id MAGU5589602 has no milestones
Container_id NYKU4425050 has no milestones
Container_id TRHU4358054 has no milestones
Container_id TLLU5457470 has no milestones
Container_id CAIU9970194 has no milestones
Container_id DRYU9456988 has no milestones
Container_id TCNU4863643 has no milestones
Container_id TCNU5516422 has no milestones
Container_id MEDU8693239 has no milestones
Container_id FFAU1676538 has no milestones
Container_id MSDU7646245 has no milestones
Container_id TRHU5320496 has no milestones
Container_id TCNU6860432 has no milestones
Container_id TRHU4342130 has no milestones
Container_id TCLU3385202 has no milestones
Container_id NYKU4387936 has no milestones
Container_id NYKU5162169 has no milestones
Container_id TCNU9664222 has no milestones
Container_id TCNU1687160 has no milestones
Container_id KKTU7887918 has no milestones
Container_id TCNU8326529 has no milestones
Container_id HAMU1269494 has no milestones
Container_id OOCU70993407 has no milestones
Container_id TCNU2859074 has no milestones
Container_id EITU1393499 has no milestones
Container_id HMCU9004244 has no milestones
Container_id EITU1943722 has no milestones
Container_id TGBU6939049 has no milestones
Container_id EITU1038684 has no milestones
Container_id EITU1452349 has no milestones
Container_id EITU9279409 has no milestones
Container_id TLLU4097549 has no milestones
Container_id EISU8327073 has no milestones
Container_id EGHU8259095 has no milestones
Container_id EISU8338376 has no milestones
Container_id EITU9240541 has no milestones
Container_id EGHU9345623 has no milestones
Container_id FCIU7063886 has no milestones
Container_id TGBU6934767 has no milestones
Container_id EITU1795332 has no milestones
Container_id EISU9403840 has no milestones
Container_id TRHU5109570 has no milestones
Container_id FSCU8139795 has no milestones
Container_id TGBU4030159 has no milestones
Container_id EITU9056771 has no milestones
Container_id EITU9141404 has no milestones
Container_id TEMU8914590 has no milestones
Container_id CAIU9790124 has no milestones
Container_id CAAU5420685 has no milestones
Container_id EITU1815995 has no milestones
Starting orders csv upload of Milestone_2021_08_02_18_00_02_730.csv to /Inbound on ftp server
Successfully uploaded CSV last_milestone_tracking
Starting orders csv upload of ETA_2021_08_02_18_00_03_370.csv to /Inbound on ftp server
Successfully uploaded CSV estimated_arrival_tracking
